2024-02-29T13:00:17+00:00 DEBUG POST: https://ads.tiktok.com/marketing_api/api/developer/app/create_auto_approve/

{"business_platform":"PROD","smb_id":"tt4b_woocommerce_65e07fe1757d1httplocalhostlaviedesplanteswp-admin","smb_name":"PROD","redirect_url":"http:\/\/localhost\/laviedesplantes\/wp-admin\/"}
 ajax: no
2024-02-29T13:00:17+00:00 DEBUG Tt4b_Mapi_Class::create_open_source_app: Response: 

HTTP/1.1 200 OK
Content-Type: application/json
X-Tt-Logid: 20240229130015E3519419DB812FE6D6CE,20240229130015E3519419DB812FE6D6CE
Strict-Transport-Security: max-age=31536000; includeSubDomains
x-tt-trace-host: 01637da0cf31cc137453015115e5b044dcb67094b2656982209da19227482ce61d0978507c77658bb870b90fd5bd669de27438538c4ad950615dfa03a043a0b7b0b828af25140a65587d9de01efe5c7f12459f5a0f3f077b3dddec4ea5604aedf2dfb8937248db41cb16beb984faa30d09
x-tt-trace-id: 00-240229130015E3519419DB812FE6D6CE-3C02E2366E936470-00
Server: TLB
Content-Encoding: gzip
Content-Length: 211
X-Origin-Response-Time: 77,23.48.172.86
X-Akamai-Request-ID: 10d96bce.65327fb
Date: Thu, 29 Feb 2024 13:00:17 GMT
X-Cache: TCP_MISS from a23-77-196-175.deploy.akamaitechnologies.com (AkamaiGHost/11.4.2.2-54697487) (-)
Connection: close
Vary: Accept-Encoding
X-Cache-Remote: TCP_MISS from a23-48-172-86.deploy.akamaitechnologies.com (AkamaiGHost/11.4.2.2-54697487) (-)
x-tt-trace-tag: id=16;cdn-cache=miss;type=dyn
Server-Timing: cdn-cache; desc=MISS, edge; dur=176, origin; dur=77
Server-Timing: inner; dur=63
X-Parent-Response-Time: 249,23.77.196.175

{"code":0,"msg":"ok","data":{"app_id":"7341007996626927618","app_secret":"6692fabca6543bc70ff9d1f898f6bce209226caa","external_data_key":"a6196e20-5a2a-488c-9812-c69b28bc5877","redirect_uri":"http:\/\/localhost\/laviedesplantes\/wp-admin\/"}}

